Script started at Mon Sep 22 20:40:25 ADT 2025
Summaries will be saved to machine-vision-overview.txt
Processing 2502.15425v4.txt
Temporary directory created: /mnt/c/Users/nateg/OneDrive/Documentos/GitHub/example/research/tmp_2502.15425v4.txt_MziE6H
File split into chunks: /mnt/c/Users/nateg/OneDrive/Documentos/GitHub/example/research/tmp_2502.15425v4.txt_MziE6H/chunk_aa
Temporary directory /mnt/c/Users/nateg/OneDrive/Documentos/GitHub/example/research/tmp_2502.15425v4.txt_MziE6H removed
2502.15425v4.txt
Processing 2505.20759v2.txt
Temporary directory created: /mnt/c/Users/nateg/OneDrive/Documentos/GitHub/example/research/tmp_2505.20759v2.txt_lnhpTG
File split into chunks: /mnt/c/Users/nateg/OneDrive/Documentos/GitHub/example/research/tmp_2505.20759v2.txt_lnhpTG/chunk_aa
Temporary directory /mnt/c/Users/nateg/OneDrive/Documentos/GitHub/example/research/tmp_2505.20759v2.txt_lnhpTG removed
2505.20759v2.txt
Processing 2506.08599v2.txt
Temporary directory created: /mnt/c/Users/nateg/OneDrive/Documentos/GitHub/example/research/tmp_2506.08599v2.txt_eJvRgy
File split into chunks: /mnt/c/Users/nateg/OneDrive/Documentos/GitHub/example/research/tmp_2506.08599v2.txt_eJvRgy/chunk_aa
Temporary directory /mnt/c/Users/nateg/OneDrive/Documentos/GitHub/example/research/tmp_2506.08599v2.txt_eJvRgy removed
2506.08599v2.txt
Processing 2509.09307v1.txt
Temporary directory created: /mnt/c/Users/nateg/OneDrive/Documentos/GitHub/example/research/tmp_2509.09307v1.txt_goPh3g
File split into chunks: /mnt/c/Users/nateg/OneDrive/Documentos/GitHub/example/research/tmp_2509.09307v1.txt_goPh3g/chunk_aa
/mnt/c/Users/nateg/OneDrive/Documentos/GitHub/example/research/tmp_2509.09307v1.txt_goPh3g/chunk_ab
Temporary directory /mnt/c/Users/nateg/OneDrive/Documentos/GitHub/example/research/tmp_2509.09307v1.txt_goPh3g removed
2509.09307v1.txt
Processing 2509.14252v1.txt
Temporary directory created: /mnt/c/Users/nateg/OneDrive/Documentos/GitHub/example/research/tmp_2509.14252v1.txt_2vZZB2
File split into chunks: /mnt/c/Users/nateg/OneDrive/Documentos/GitHub/example/research/tmp_2509.14252v1.txt_2vZZB2/chunk_aa
Temporary directory /mnt/c/Users/nateg/OneDrive/Documentos/GitHub/example/research/tmp_2509.14252v1.txt_2vZZB2 removed
2509.14252v1.txt
Processing 2509.15185v1.txt
Temporary directory created: /mnt/c/Users/nateg/OneDrive/Documentos/GitHub/example/research/tmp_2509.15185v1.txt_eaJcKX
File split into chunks: /mnt/c/Users/nateg/OneDrive/Documentos/GitHub/example/research/tmp_2509.15185v1.txt_eaJcKX/chunk_aa
Temporary directory /mnt/c/Users/nateg/OneDrive/Documentos/GitHub/example/research/tmp_2509.15185v1.txt_eaJcKX removed
2509.15185v1.txt
Processing Bonici_2025_J._Cosmol._Astropart._Phys._2025_044.txt
Temporary directory created: /mnt/c/Users/nateg/OneDrive/Documentos/GitHub/example/research/tmp_Bonici_2025_J._Cosmol._Astropart._Phys._2025_044.txt_zqPycq
File split into chunks: /mnt/c/Users/nateg/OneDrive/Documentos/GitHub/example/research/tmp_Bonici_2025_J._Cosmol._Astropart._Phys._2025_044.txt_zqPycq/chunk_aa
Temporary directory /mnt/c/Users/nateg/OneDrive/Documentos/GitHub/example/research/tmp_Bonici_2025_J._Cosmol._Astropart._Phys._2025_044.txt_zqPycq removed
Bonici_2025_J._Cosmol._Astropart._Phys._2025_044.txt
Processing Machine-Vision-How-Algorithms-are-Changing-the-Way-We-See-the-World.txt
Temporary directory created: /mnt/c/Users/nateg/OneDrive/Documentos/GitHub/example/research/tmp_Machine-Vision-How-Algorithms-are-Changing-the-Way-We-See-the-World.txt_SVDJmD
File split into chunks: /mnt/c/Users/nateg/OneDrive/Documentos/GitHub/example/research/tmp_Machine-Vision-How-Algorithms-are-Changing-the-Way-We-See-the-World.txt_SVDJmD/chunk_aa
/mnt/c/Users/nateg/OneDrive/Documentos/GitHub/example/research/tmp_Machine-Vision-How-Algorithms-are-Changing-the-Way-We-See-the-World.txt_SVDJmD/chunk_ab
/mnt/c/Users/nateg/OneDrive/Documentos/GitHub/example/research/tmp_Machine-Vision-How-Algorithms-are-Changing-the-Way-We-See-the-World.txt_SVDJmD/chunk_ac
/mnt/c/Users/nateg/OneDrive/Documentos/GitHub/example/research/tmp_Machine-Vision-How-Algorithms-are-Changing-the-Way-We-See-the-World.txt_SVDJmD/chunk_ad
/mnt/c/Users/nateg/OneDrive/Documentos/GitHub/example/research/tmp_Machine-Vision-How-Algorithms-are-Changing-the-Way-We-See-the-World.txt_SVDJmD/chunk_ae
Temporary directory /mnt/c/Users/nateg/OneDrive/Documentos/GitHub/example/research/tmp_Machine-Vision-How-Algorithms-are-Changing-the-Way-We-See-the-World.txt_SVDJmD removed
Machine-Vision-How-Algorithms-are-Changing-the-Way-We-See-the-World.txt
Processing journal.pbio.3003215.txt
Temporary directory created: /mnt/c/Users/nateg/OneDrive/Documentos/GitHub/example/research/tmp_journal.pbio.3003215.txt_Lj7LI9
File split into chunks: /mnt/c/Users/nateg/OneDrive/Documentos/GitHub/example/research/tmp_journal.pbio.3003215.txt_Lj7LI9/chunk_aa
Temporary directory /mnt/c/Users/nateg/OneDrive/Documentos/GitHub/example/research/tmp_journal.pbio.3003215.txt_Lj7LI9 removed
journal.pbio.3003215.txt
Processing s41467-025-63748-w.txt
Temporary directory created: /mnt/c/Users/nateg/OneDrive/Documentos/GitHub/example/research/tmp_s41467-025-63748-w.txt_hEJvcO
File split into chunks: /mnt/c/Users/nateg/OneDrive/Documentos/GitHub/example/research/tmp_s41467-025-63748-w.txt_hEJvcO/chunk_aa
Temporary directory /mnt/c/Users/nateg/OneDrive/Documentos/GitHub/example/research/tmp_s41467-025-63748-w.txt_hEJvcO removed
s41467-025-63748-w.txt
Processing s41587-025-02802-w.txt
Temporary directory created: /mnt/c/Users/nateg/OneDrive/Documentos/GitHub/example/research/tmp_s41587-025-02802-w.txt_aOnvEx
File split into chunks: /mnt/c/Users/nateg/OneDrive/Documentos/GitHub/example/research/tmp_s41587-025-02802-w.txt_aOnvEx/chunk_aa
/mnt/c/Users/nateg/OneDrive/Documentos/GitHub/example/research/tmp_s41587-025-02802-w.txt_aOnvEx/chunk_ab
Temporary directory /mnt/c/Users/nateg/OneDrive/Documentos/GitHub/example/research/tmp_s41587-025-02802-w.txt_aOnvEx removed
s41587-025-02802-w.txt
Processing s41589-025-02026-8.txt
Temporary directory created: /mnt/c/Users/nateg/OneDrive/Documentos/GitHub/example/research/tmp_s41589-025-02026-8.txt_cd5EN0
File split into chunks: /mnt/c/Users/nateg/OneDrive/Documentos/GitHub/example/research/tmp_s41589-025-02026-8.txt_cd5EN0/chunk_aa
/mnt/c/Users/nateg/OneDrive/Documentos/GitHub/example/research/tmp_s41589-025-02026-8.txt_cd5EN0/chunk_ab
Temporary directory /mnt/c/Users/nateg/OneDrive/Documentos/GitHub/example/research/tmp_s41589-025-02026-8.txt_cd5EN0 removed
s41589-025-02026-8.txt
Script completed at Mon Sep 22 21:14:59 ADT 2025
