Script started at Fri Dec 20 20:01:20 AST 2024
Summaries will be saved to translation.txt
Processing /mnt/c/Users/nateg/OneDrive/Documentos/GitHub/working/kraven-arabic.txt
Temporary directory created: /mnt/c/Users/nateg/OneDrive/Documentos/GitHub/working/tmp_kraven-arabic.txt_7fd8go
File split into chunks: /mnt/c/Users/nateg/OneDrive/Documentos/GitHub/working/tmp_kraven-arabic.txt_7fd8go/chunk_00
/mnt/c/Users/nateg/OneDrive/Documentos/GitHub/working/tmp_kraven-arabic.txt_7fd8go/chunk_01
/mnt/c/Users/nateg/OneDrive/Documentos/GitHub/working/tmp_kraven-arabic.txt_7fd8go/chunk_02
/mnt/c/Users/nateg/OneDrive/Documentos/GitHub/working/tmp_kraven-arabic.txt_7fd8go/chunk_03
/mnt/c/Users/nateg/OneDrive/Documentos/GitHub/working/tmp_kraven-arabic.txt_7fd8go/chunk_04
/mnt/c/Users/nateg/OneDrive/Documentos/GitHub/working/tmp_kraven-arabic.txt_7fd8go/chunk_05
/mnt/c/Users/nateg/OneDrive/Documentos/GitHub/working/tmp_kraven-arabic.txt_7fd8go/chunk_06
/mnt/c/Users/nateg/OneDrive/Documentos/GitHub/working/tmp_kraven-arabic.txt_7fd8go/chunk_07
/mnt/c/Users/nateg/OneDrive/Documentos/GitHub/working/tmp_kraven-arabic.txt_7fd8go/chunk_08
/mnt/c/Users/nateg/OneDrive/Documentos/GitHub/working/tmp_kraven-arabic.txt_7fd8go/chunk_09
/mnt/c/Users/nateg/OneDrive/Documentos/GitHub/working/tmp_kraven-arabic.txt_7fd8go/chunk_10
/mnt/c/Users/nateg/OneDrive/Documentos/GitHub/working/tmp_kraven-arabic.txt_7fd8go/chunk_11
/mnt/c/Users/nateg/OneDrive/Documentos/GitHub/working/tmp_kraven-arabic.txt_7fd8go/chunk_12
/mnt/c/Users/nateg/OneDrive/Documentos/GitHub/working/tmp_kraven-arabic.txt_7fd8go/chunk_13
/mnt/c/Users/nateg/OneDrive/Documentos/GitHub/working/tmp_kraven-arabic.txt_7fd8go/chunk_14
/mnt/c/Users/nateg/OneDrive/Documentos/GitHub/working/tmp_kraven-arabic.txt_7fd8go/chunk_15
/mnt/c/Users/nateg/OneDrive/Documentos/GitHub/working/tmp_kraven-arabic.txt_7fd8go/chunk_16
/mnt/c/Users/nateg/OneDrive/Documentos/GitHub/working/tmp_kraven-arabic.txt_7fd8go/chunk_17
/mnt/c/Users/nateg/OneDrive/Documentos/GitHub/working/tmp_kraven-arabic.txt_7fd8go/chunk_18
/mnt/c/Users/nateg/OneDrive/Documentos/GitHub/working/tmp_kraven-arabic.txt_7fd8go/chunk_19
/mnt/c/Users/nateg/OneDrive/Documentos/GitHub/working/tmp_kraven-arabic.txt_7fd8go/chunk_20
/mnt/c/Users/nateg/OneDrive/Documentos/GitHub/working/tmp_kraven-arabic.txt_7fd8go/chunk_21
/mnt/c/Users/nateg/OneDrive/Documentos/GitHub/working/tmp_kraven-arabic.txt_7fd8go/chunk_22
/mnt/c/Users/nateg/OneDrive/Documentos/GitHub/working/tmp_kraven-arabic.txt_7fd8go/chunk_23
/mnt/c/Users/nateg/OneDrive/Documentos/GitHub/working/tmp_kraven-arabic.txt_7fd8go/chunk_24
/mnt/c/Users/nateg/OneDrive/Documentos/GitHub/working/tmp_kraven-arabic.txt_7fd8go/chunk_25
/mnt/c/Users/nateg/OneDrive/Documentos/GitHub/working/tmp_kraven-arabic.txt_7fd8go/chunk_26
/mnt/c/Users/nateg/OneDrive/Documentos/GitHub/working/tmp_kraven-arabic.txt_7fd8go/chunk_27
/mnt/c/Users/nateg/OneDrive/Documentos/GitHub/working/tmp_kraven-arabic.txt_7fd8go/chunk_28
/mnt/c/Users/nateg/OneDrive/Documentos/GitHub/working/tmp_kraven-arabic.txt_7fd8go/chunk_29
Temporary directory /mnt/c/Users/nateg/OneDrive/Documentos/GitHub/working/tmp_kraven-arabic.txt_7fd8go removed
/mnt/c/Users/nateg/OneDrive/Documentos/GitHub/working/kraven-arabic.txt
Processing /mnt/c/Users/nateg/OneDrive/Documentos/GitHub/working/summary-overview.txt
Temporary directory created: /mnt/c/Users/nateg/OneDrive/Documentos/GitHub/working/tmp_summary-overview.txt_cAAElb
File split into chunks: /mnt/c/Users/nateg/OneDrive/Documentos/GitHub/working/tmp_summary-overview.txt_cAAElb/chunk_00
/mnt/c/Users/nateg/OneDrive/Documentos/GitHub/working/tmp_summary-overview.txt_cAAElb/chunk_01
/mnt/c/Users/nateg/OneDrive/Documentos/GitHub/working/tmp_summary-overview.txt_cAAElb/chunk_02
/mnt/c/Users/nateg/OneDrive/Documentos/GitHub/working/tmp_summary-overview.txt_cAAElb/chunk_03
/mnt/c/Users/nateg/OneDrive/Documentos/GitHub/working/tmp_summary-overview.txt_cAAElb/chunk_04
