Script started at Fri Dec 20 19:52:01 AST 2024
Summaries will be saved to summary-overview.txt
Processing /mnt/c/Users/nateg/OneDrive/Documentos/GitHub/working/kraven-arabic.txt
Temporary directory created: /mnt/c/Users/nateg/OneDrive/Documentos/GitHub/working/tmp_kraven-arabic.txt_nTIbPf
File split into chunks: /mnt/c/Users/nateg/OneDrive/Documentos/GitHub/working/tmp_kraven-arabic.txt_nTIbPf/chunk_00
/mnt/c/Users/nateg/OneDrive/Documentos/GitHub/working/tmp_kraven-arabic.txt_nTIbPf/chunk_01
/mnt/c/Users/nateg/OneDrive/Documentos/GitHub/working/tmp_kraven-arabic.txt_nTIbPf/chunk_02
/mnt/c/Users/nateg/OneDrive/Documentos/GitHub/working/tmp_kraven-arabic.txt_nTIbPf/chunk_03
/mnt/c/Users/nateg/OneDrive/Documentos/GitHub/working/tmp_kraven-arabic.txt_nTIbPf/chunk_04
/mnt/c/Users/nateg/OneDrive/Documentos/GitHub/working/tmp_kraven-arabic.txt_nTIbPf/chunk_05
/mnt/c/Users/nateg/OneDrive/Documentos/GitHub/working/tmp_kraven-arabic.txt_nTIbPf/chunk_06
/mnt/c/Users/nateg/OneDrive/Documentos/GitHub/working/tmp_kraven-arabic.txt_nTIbPf/chunk_07
/mnt/c/Users/nateg/OneDrive/Documentos/GitHub/working/tmp_kraven-arabic.txt_nTIbPf/chunk_08
/mnt/c/Users/nateg/OneDrive/Documentos/GitHub/working/tmp_kraven-arabic.txt_nTIbPf/chunk_09
/mnt/c/Users/nateg/OneDrive/Documentos/GitHub/working/tmp_kraven-arabic.txt_nTIbPf/chunk_10
/mnt/c/Users/nateg/OneDrive/Documentos/GitHub/working/tmp_kraven-arabic.txt_nTIbPf/chunk_11
/mnt/c/Users/nateg/OneDrive/Documentos/GitHub/working/tmp_kraven-arabic.txt_nTIbPf/chunk_12
/mnt/c/Users/nateg/OneDrive/Documentos/GitHub/working/tmp_kraven-arabic.txt_nTIbPf/chunk_13
/mnt/c/Users/nateg/OneDrive/Documentos/GitHub/working/tmp_kraven-arabic.txt_nTIbPf/chunk_14
/mnt/c/Users/nateg/OneDrive/Documentos/GitHub/working/tmp_kraven-arabic.txt_nTIbPf/chunk_15
/mnt/c/Users/nateg/OneDrive/Documentos/GitHub/working/tmp_kraven-arabic.txt_nTIbPf/chunk_16
/mnt/c/Users/nateg/OneDrive/Documentos/GitHub/working/tmp_kraven-arabic.txt_nTIbPf/chunk_17
/mnt/c/Users/nateg/OneDrive/Documentos/GitHub/working/tmp_kraven-arabic.txt_nTIbPf/chunk_18
/mnt/c/Users/nateg/OneDrive/Documentos/GitHub/working/tmp_kraven-arabic.txt_nTIbPf/chunk_19
/mnt/c/Users/nateg/OneDrive/Documentos/GitHub/working/tmp_kraven-arabic.txt_nTIbPf/chunk_20
/mnt/c/Users/nateg/OneDrive/Documentos/GitHub/working/tmp_kraven-arabic.txt_nTIbPf/chunk_21
/mnt/c/Users/nateg/OneDrive/Documentos/GitHub/working/tmp_kraven-arabic.txt_nTIbPf/chunk_22
/mnt/c/Users/nateg/OneDrive/Documentos/GitHub/working/tmp_kraven-arabic.txt_nTIbPf/chunk_23
/mnt/c/Users/nateg/OneDrive/Documentos/GitHub/working/tmp_kraven-arabic.txt_nTIbPf/chunk_24
/mnt/c/Users/nateg/OneDrive/Documentos/GitHub/working/tmp_kraven-arabic.txt_nTIbPf/chunk_25
/mnt/c/Users/nateg/OneDrive/Documentos/GitHub/working/tmp_kraven-arabic.txt_nTIbPf/chunk_26
/mnt/c/Users/nateg/OneDrive/Documentos/GitHub/working/tmp_kraven-arabic.txt_nTIbPf/chunk_27
/mnt/c/Users/nateg/OneDrive/Documentos/GitHub/working/tmp_kraven-arabic.txt_nTIbPf/chunk_28
/mnt/c/Users/nateg/OneDrive/Documentos/GitHub/working/tmp_kraven-arabic.txt_nTIbPf/chunk_29
Script started at Fri Dec 20 19:53:21 AST 2024
Summaries will be saved to summary-overview.txt
Processing /mnt/c/Users/nateg/OneDrive/Documentos/GitHub/working/kraven-arabic.txt
Temporary directory created: /mnt/c/Users/nateg/OneDrive/Documentos/GitHub/working/tmp_kraven-arabic.txt_izfeUA
File split into chunks: /mnt/c/Users/nateg/OneDrive/Documentos/GitHub/working/tmp_kraven-arabic.txt_izfeUA/chunk_00
/mnt/c/Users/nateg/OneDrive/Documentos/GitHub/working/tmp_kraven-arabic.txt_izfeUA/chunk_01
/mnt/c/Users/nateg/OneDrive/Documentos/GitHub/working/tmp_kraven-arabic.txt_izfeUA/chunk_02
/mnt/c/Users/nateg/OneDrive/Documentos/GitHub/working/tmp_kraven-arabic.txt_izfeUA/chunk_03
/mnt/c/Users/nateg/OneDrive/Documentos/GitHub/working/tmp_kraven-arabic.txt_izfeUA/chunk_04
/mnt/c/Users/nateg/OneDrive/Documentos/GitHub/working/tmp_kraven-arabic.txt_izfeUA/chunk_05
/mnt/c/Users/nateg/OneDrive/Documentos/GitHub/working/tmp_kraven-arabic.txt_izfeUA/chunk_06
/mnt/c/Users/nateg/OneDrive/Documentos/GitHub/working/tmp_kraven-arabic.txt_izfeUA/chunk_07
/mnt/c/Users/nateg/OneDrive/Documentos/GitHub/working/tmp_kraven-arabic.txt_izfeUA/chunk_08
/mnt/c/Users/nateg/OneDrive/Documentos/GitHub/working/tmp_kraven-arabic.txt_izfeUA/chunk_09
/mnt/c/Users/nateg/OneDrive/Documentos/GitHub/working/tmp_kraven-arabic.txt_izfeUA/chunk_10
/mnt/c/Users/nateg/OneDrive/Documentos/GitHub/working/tmp_kraven-arabic.txt_izfeUA/chunk_11
/mnt/c/Users/nateg/OneDrive/Documentos/GitHub/working/tmp_kraven-arabic.txt_izfeUA/chunk_12
/mnt/c/Users/nateg/OneDrive/Documentos/GitHub/working/tmp_kraven-arabic.txt_izfeUA/chunk_13
/mnt/c/Users/nateg/OneDrive/Documentos/GitHub/working/tmp_kraven-arabic.txt_izfeUA/chunk_14
/mnt/c/Users/nateg/OneDrive/Documentos/GitHub/working/tmp_kraven-arabic.txt_izfeUA/chunk_15
/mnt/c/Users/nateg/OneDrive/Documentos/GitHub/working/tmp_kraven-arabic.txt_izfeUA/chunk_16
/mnt/c/Users/nateg/OneDrive/Documentos/GitHub/working/tmp_kraven-arabic.txt_izfeUA/chunk_17
/mnt/c/Users/nateg/OneDrive/Documentos/GitHub/working/tmp_kraven-arabic.txt_izfeUA/chunk_18
/mnt/c/Users/nateg/OneDrive/Documentos/GitHub/working/tmp_kraven-arabic.txt_izfeUA/chunk_19
/mnt/c/Users/nateg/OneDrive/Documentos/GitHub/working/tmp_kraven-arabic.txt_izfeUA/chunk_20
/mnt/c/Users/nateg/OneDrive/Documentos/GitHub/working/tmp_kraven-arabic.txt_izfeUA/chunk_21
/mnt/c/Users/nateg/OneDrive/Documentos/GitHub/working/tmp_kraven-arabic.txt_izfeUA/chunk_22
/mnt/c/Users/nateg/OneDrive/Documentos/GitHub/working/tmp_kraven-arabic.txt_izfeUA/chunk_23
/mnt/c/Users/nateg/OneDrive/Documentos/GitHub/working/tmp_kraven-arabic.txt_izfeUA/chunk_24
/mnt/c/Users/nateg/OneDrive/Documentos/GitHub/working/tmp_kraven-arabic.txt_izfeUA/chunk_25
/mnt/c/Users/nateg/OneDrive/Documentos/GitHub/working/tmp_kraven-arabic.txt_izfeUA/chunk_26
/mnt/c/Users/nateg/OneDrive/Documentos/GitHub/working/tmp_kraven-arabic.txt_izfeUA/chunk_27
/mnt/c/Users/nateg/OneDrive/Documentos/GitHub/working/tmp_kraven-arabic.txt_izfeUA/chunk_28
/mnt/c/Users/nateg/OneDrive/Documentos/GitHub/working/tmp_kraven-arabic.txt_izfeUA/chunk_29
